  CustomerOrder.cpp
  ms2.cpp
C:\Users\saetb\source\OOP345\OOP345\MS2\Utilities.h(18,18): error C2011: 'sdds::Utilities': 'class' type redefinition
C:\Users\saetb\source\OOP345\OOP345\MS2\CustomerOrder.h(10): message : see declaration of 'sdds::Utilities'
C:\Users\saetb\source\OOP345\OOP345\MS2\ms2.cpp(36,9): error C2065: 'CustomerOrder': undeclared identifier
C:\Users\saetb\source\OOP345\OOP345\MS2\ms2.cpp(36,2): error C2923: 'std::vector': 'CustomerOrder' is not a valid template type argument for parameter '_Ty'
C:\Users\saetb\source\OOP345\OOP345\MS2\ms2.cpp(36): message : see declaration of 'CustomerOrder'
C:\Users\saetb\source\OOP345\OOP345\MS2\ms2.cpp(36,2): error C2976: 'std::vector': too few template arguments
C:\Program Files\Microsoft Visual Studio\2022\Community\VC\Tools\MSVC\14.33.31629\include\vector(496): message : see declaration of 'std::vector'
C:\Users\saetb\source\OOP345\OOP345\MS2\ms2.cpp(36,24): error C2133: 'theOrders': unknown size
C:\Users\saetb\source\OOP345\OOP345\MS2\ms2.cpp(36,24): error C2512: 'std::vector': no appropriate default constructor available
C:\Program Files\Microsoft Visual Studio\2022\Community\VC\Tools\MSVC\14.33.31629\include\vector(496,1): message : see declaration of 'std::vector'
C:\Users\saetb\source\OOP345\OOP345\MS2\ms2.cpp(42,15): error C2027: use of undefined type 'sdds::Utilities'
C:\Users\saetb\source\OOP345\OOP345\MS2\CustomerOrder.h(10): message : see declaration of 'sdds::Utilities'
C:\Users\saetb\source\OOP345\OOP345\MS2\ms2.cpp(42,27): error C3861: 'setDelimiter': identifier not found
C:\Users\saetb\source\OOP345\OOP345\MS2\ms2.cpp(44,15): error C2027: use of undefined type 'sdds::Utilities'
C:\Users\saetb\source\OOP345\OOP345\MS2\CustomerOrder.h(10): message : see declaration of 'sdds::Utilities'
C:\Users\saetb\source\OOP345\OOP345\MS2\ms2.cpp(44,27): error C3861: 'setDelimiter': identifier not found
C:\Users\saetb\source\OOP345\OOP345\MS2\ms2.cpp(94,15): error C2027: use of undefined type 'sdds::Utilities'
C:\Users\saetb\source\OOP345\OOP345\MS2\CustomerOrder.h(10): message : see declaration of 'sdds::Utilities'
C:\Users\saetb\source\OOP345\OOP345\MS2\ms2.cpp(94,27): error C3861: 'setDelimiter': identifier not found
C:\Users\saetb\source\OOP345\OOP345\MS2\ms2.cpp(95,14): error C2079: 'util' uses undefined class 'sdds::Utilities'
C:\Users\saetb\source\OOP345\OOP345\MS2\ms2.cpp(104,37): error C3536: 'token': cannot be used before it is initialized
C:\Users\saetb\source\OOP345\OOP345\MS2\ms2.cpp(113,16): error C2065: 'CustomerOrder': undeclared identifier
C:\Users\saetb\source\OOP345\OOP345\MS2\ms2.cpp(113,49): error C2672: 'loadFromFile': no matching overloaded function found
C:\Users\saetb\source\OOP345\OOP345\MS2\ms2.cpp(22,13): message : could be 'void loadFromFile(const char *,std::vector<T,std::allocator<_Ty>> &)'
C:\Users\saetb\source\OOP345\OOP345\MS2\ms2.cpp(113,16): message : 'loadFromFile': invalid template argument for 'T', type expected
C:\Users\saetb\source\OOP345\OOP345\MS2\ms2.cpp(22): message : see declaration of 'loadFromFile'
C:\Users\saetb\source\OOP345\OOP345\MS2\ms2.cpp(118,8): error C2065: 'CustomerOrder': undeclared identifier
C:\Users\saetb\source\OOP345\OOP345\MS2\ms2.cpp(118,23): error C2065: 'order': undeclared identifier
C:\Users\saetb\source\OOP345\OOP345\MS2\ms2.cpp(118,29): error C2143: syntax error: missing ';' before ':'
C:\Users\saetb\source\OOP345\OOP345\MS2\ms2.cpp(118,40): error C2143: syntax error: missing ';' before ')'
C:\Users\saetb\source\OOP345\OOP345\MS2\ms2.cpp(118,40): error C2451: a conditional expression of type 'std::vector' is not valid
C:\Users\saetb\source\OOP345\OOP345\MS2\ms2.cpp(118,31): message : No user-defined-conversion operator available that can perform this conversion, or the operator cannot be called
C:\Users\saetb\source\OOP345\OOP345\MS2\ms2.cpp(119,4): error C2065: 'order': undeclared identifier
C:\Users\saetb\source\OOP345\OOP345\MS2\ms2.cpp(127,28): error C2662: 'allocator_traits<allocator_traits<_Alloc>::rebind_alloc<_Ty>>::size_type std::vector<_Ty,_Alloc>::size(void) noexcept const': cannot convert 'this' pointer from 'std::vector' to 'const std::vector<_Ty,_Alloc> &'
C:\Users\saetb\source\OOP345\OOP345\MS2\ms2.cpp(127,28): message : Reason: cannot convert from 'std::vector' to 'const std::vector<_Ty,_Alloc>'
C:\Users\saetb\source\OOP345\OOP345\MS2\ms2.cpp(127,13): message : Conversion requires a second user-defined-conversion operator or constructor
C:\Program Files\Microsoft Visual Studio\2022\Community\VC\Tools\MSVC\14.33.31629\include\vector(1729,39): message : see declaration of 'std::vector<_Ty,_Alloc>::size'
C:\Users\saetb\source\OOP345\OOP345\MS2\ms2.cpp(134,4): error C2065: 'CustomerOrder': undeclared identifier
C:\Users\saetb\source\OOP345\OOP345\MS2\ms2.cpp(134,18): error C2146: syntax error: missing ';' before identifier 'anOrder'
C:\Users\saetb\source\OOP345\OOP345\MS2\ms2.cpp(134,37): error C2678: binary '[': no operator found which takes a left-hand operand of type 'std::vector' (or there is no acceptable conversion)
C:\Program Files\Microsoft Visual Studio\2022\Community\VC\Tools\MSVC\14.33.31629\include\vector(1754,40): message : could be 'const _Ty &std::vector<_Ty,_Alloc>::operator [](const allocator_traits<allocator_traits<_Alloc>::rebind_alloc<_Ty>>::size_type) noexcept const'
C:\Program Files\Microsoft Visual Studio\2022\Community\VC\Tools\MSVC\14.33.31629\include\vector(1744,34): message : or       '_Ty &std::vector<_Ty,_Alloc>::operator [](const allocator_traits<allocator_traits<_Alloc>::rebind_alloc<_Ty>>::size_type) noexcept'
C:\Users\saetb\source\OOP345\OOP345\MS2\ms2.cpp(134,37): message : while trying to match the argument list '(std::vector, int)'
C:\Users\saetb\source\OOP345\OOP345\MS2\ms2.cpp(134,18): error C3861: 'anOrder': identifier not found
C:\Users\saetb\source\OOP345\OOP345\MS2\ms2.cpp(144,3): error C2065: 'CustomerOrder': undeclared identifier
C:\Users\saetb\source\OOP345\OOP345\MS2\ms2.cpp(144,17): error C2146: syntax error: missing ';' before identifier 'tmp'
C:\Users\saetb\source\OOP345\OOP345\MS2\ms2.cpp(144,56): error C2662: 'allocator_traits<allocator_traits<_Alloc>::rebind_alloc<_Ty>>::size_type std::vector<_Ty,_Alloc>::size(void) noexcept const': cannot convert 'this' pointer from 'std::vector' to 'const std::vector<_Ty,_Alloc> &'
C:\Users\saetb\source\OOP345\OOP345\MS2\ms2.cpp(144,56): message : Reason: cannot convert from 'std::vector' to 'const std::vector<_Ty,_Alloc>'
C:\Users\saetb\source\OOP345\OOP345\MS2\ms2.cpp(144,41): message : Conversion requires a second user-defined-conversion operator or constructor
C:\Program Files\Microsoft Visual Studio\2022\Community\VC\Tools\MSVC\14.33.31629\include\vector(1729,39): message : see declaration of 'std::vector<_Ty,_Alloc>::size'
C:\Users\saetb\source\OOP345\OOP345\MS2\ms2.cpp(144,62): error C2672: 'std::move': no matching overloaded function found
C:\Program Files\Microsoft Visual Studio\2022\Community\VC\Tools\MSVC\14.33.31629\include\xutility(4368,21): message : could be '_OutIt std::move(_InIt,_InIt,_OutIt)'
C:\Users\saetb\source\OOP345\OOP345\MS2\ms2.cpp(144,26): message : '_OutIt std::move(_InIt,_InIt,_OutIt)': expects 3 arguments - 1 provided
C:\Program Files\Microsoft Visual Studio\2022\Community\VC\Tools\MSVC\14.33.31629\include\xutility(4368): message : see declaration of 'std::move'
C:\Program Files\Microsoft Visual Studio\2022\Community\VC\Tools\MSVC\14.33.31629\include\type_traits(1422,48): message : or       'remove_reference<_Ty>::type &&std::move(_Ty &&) noexcept'
C:\Users\saetb\source\OOP345\OOP345\MS2\ms2.cpp(144,17): error C3861: 'tmp': identifier not found
C:\Users\saetb\source\OOP345\OOP345\MS2\ms2.cpp(145,22): error C2662: 'void std::vector<_Ty,_Alloc>::pop_back(void) noexcept': cannot convert 'this' pointer from 'std::vector' to 'std::vector<_Ty,_Alloc> &'
C:\Users\saetb\source\OOP345\OOP345\MS2\ms2.cpp(145,22): message : Reason: cannot convert from 'std::vector' to 'std::vector<_Ty,_Alloc>'
C:\Users\saetb\source\OOP345\OOP345\MS2\ms2.cpp(145,3): message : Conversion requires a second user-defined-conversion operator or constructor
C:\Program Files\Microsoft Visual Studio\2022\Community\VC\Tools\MSVC\14.33.31629\include\vector(1564,23): message : see declaration of 'std::vector<_Ty,_Alloc>::pop_back'
C:\Users\saetb\source\OOP345\OOP345\MS2\ms2.cpp(146,3): error C2065: 'tmp': undeclared identifier
C:\Users\saetb\source\OOP345\OOP345\MS2\ms2.cpp(151,14): error C2027: use of undefined type 'sdds::Utilities'
C:\Users\saetb\source\OOP345\OOP345\MS2\CustomerOrder.h(10): message : see declaration of 'sdds::Utilities'
C:\Users\saetb\source\OOP345\OOP345\MS2\ms2.cpp(151,26): error C3861: 'setDelimiter': identifier not found
C:\Users\saetb\source\OOP345\OOP345\MS2\ms2.cpp(152,3): error C2065: 'CustomerOrder': undeclared identifier
C:\Users\saetb\source\OOP345\OOP345\MS2\ms2.cpp(152,17): error C2146: syntax error: missing ';' before identifier 'tmp2'
C:\Users\saetb\source\OOP345\OOP345\MS2\ms2.cpp(152,17): error C3861: 'tmp2': identifier not found
C:\Users\saetb\source\OOP345\OOP345\MS2\ms2.cpp(153,3): error C2065: 'tmp2': undeclared identifier
C:\Users\saetb\source\OOP345\OOP345\MS2\ms2.cpp(157,3): error C2065: 'tmp2': undeclared identifier
C:\Users\saetb\source\OOP345\OOP345\MS2\ms2.cpp(157,45): error C2662: 'allocator_traits<allocator_traits<_Alloc>::rebind_alloc<_Ty>>::size_type std::vector<_Ty,_Alloc>::size(void) noexcept const': cannot convert 'this' pointer from 'std::vector' to 'const std::vector<_Ty,_Alloc> &'
C:\Users\saetb\source\OOP345\OOP345\MS2\ms2.cpp(157,45): message : Reason: cannot convert from 'std::vector' to 'const std::vector<_Ty,_Alloc>'
C:\Users\saetb\source\OOP345\OOP345\MS2\ms2.cpp(157,30): message : Conversion requires a second user-defined-conversion operator or constructor
C:\Program Files\Microsoft Visual Studio\2022\Community\VC\Tools\MSVC\14.33.31629\include\vector(1729,39): message : see declaration of 'std::vector<_Ty,_Alloc>::size'
C:\Users\saetb\source\OOP345\OOP345\MS2\ms2.cpp(157,51): error C2672: 'std::move': no matching overloaded function found
C:\Program Files\Microsoft Visual Studio\2022\Community\VC\Tools\MSVC\14.33.31629\include\xutility(4368,21): message : could be '_OutIt std::move(_InIt,_InIt,_OutIt)'
C:\Users\saetb\source\OOP345\OOP345\MS2\ms2.cpp(157,15): message : '_OutIt std::move(_InIt,_InIt,_OutIt)': expects 3 arguments - 1 provided
C:\Program Files\Microsoft Visual Studio\2022\Community\VC\Tools\MSVC\14.33.31629\include\xutility(4368): message : see declaration of 'std::move'
C:\Program Files\Microsoft Visual Studio\2022\Community\VC\Tools\MSVC\14.33.31629\include\type_traits(1422,48): message : or       'remove_reference<_Ty>::type &&std::move(_Ty &&) noexcept'
C:\Users\saetb\source\OOP345\OOP345\MS2\ms2.cpp(158,22): error C2662: 'void std::vector<_Ty,_Alloc>::pop_back(void) noexcept': cannot convert 'this' pointer from 'std::vector' to 'std::vector<_Ty,_Alloc> &'
C:\Users\saetb\source\OOP345\OOP345\MS2\ms2.cpp(158,22): message : Reason: cannot convert from 'std::vector' to 'std::vector<_Ty,_Alloc>'
C:\Users\saetb\source\OOP345\OOP345\MS2\ms2.cpp(158,3): message : Conversion requires a second user-defined-conversion operator or constructor
C:\Program Files\Microsoft Visual Studio\2022\Community\VC\Tools\MSVC\14.33.31629\include\vector(1564,23): message : see declaration of 'std::vector<_Ty,_Alloc>::pop_back'
C:\Users\saetb\source\OOP345\OOP345\MS2\ms2.cpp(159,3): error C2065: 'tmp2': undeclared identifier
C:\Users\saetb\source\OOP345\OOP345\MS2\ms2.cpp(164,12): error C2065: 'tmp2': undeclared identifier
C:\Users\saetb\source\OOP345\OOP345\MS2\ms2.cpp(167,3): error C2065: 'tmp2': undeclared identifier
C:\Users\saetb\source\OOP345\OOP345\MS2\ms2.cpp(169,9): error C2065: 'tmp2': undeclared identifier
C:\Users\saetb\source\OOP345\OOP345\MS2\ms2.cpp(173,12): error C2065: 'tmp2': undeclared identifier
C:\Users\saetb\source\OOP345\OOP345\MS2\ms2.cpp(177,4): error C2065: 'tmp2': undeclared identifier
C:\Users\saetb\source\OOP345\OOP345\MS2\ms2.cpp(180,12): error C2065: 'tmp2': undeclared identifier
  Station.cpp
C:\Users\saetb\source\OOP345\OOP345\MS2\Station.cpp(34,31): warning C4267: '=': conversion from 'size_t' to 'int', possible loss of data
  Utilities.cpp
C:\Users\saetb\source\OOP345\OOP345\MS2\Utilities.cpp(51,7): warning C4267: '=': conversion from 'size_t' to 'int', possible loss of data
  Generating Code...
